[15-Nov-2018 07:46:19 UTC] PHP Fatal error:  Uncaught exception 'PDOException' with message 'SQLSTATE[HY000] [1049] Unknown database 'ottermart'' in /home/ubuntu/workspace/cst336/Labs/Lab5/dbConnection.php:17
Stack trace:
#0 /home/ubuntu/workspace/cst336/Labs/Lab5/dbConnection.php(17): PDO->__construct('mysql:host=loca...', 'root', '')
#1 /home/ubuntu/workspace/cst336/Labs/Lab5/index.php(3): getDatabaseConnection()
#2 {main}
  thrown in /home/ubuntu/workspace/cst336/Labs/Lab5/dbConnection.php on line 17
[15-Nov-2018 07:50:58 UTC] PHP Fatal error:  Uncaught exception 'PDOException' with message 'SQLSTATE[HY000] [1049] Unknown database 'ottermart'' in /home/ubuntu/workspace/cst336/Labs/Lab5/dbConnection.php:17
Stack trace:
#0 /home/ubuntu/workspace/cst336/Labs/Lab5/dbConnection.php(17): PDO->__construct('mysql:host=loca...', 'root', '')
#1 /home/ubuntu/workspace/cst336/Labs/Lab5/index.php(3): getDatabaseConnection()
#2 {main}
  thrown in /home/ubuntu/workspace/cst336/Labs/Lab5/dbConnection.php on line 17
[15-Nov-2018 07:50:59 UTC] PHP Fatal error:  Uncaught exception 'PDOException' with message 'SQLSTATE[HY000] [1049] Unknown database 'ottermart'' in /home/ubuntu/workspace/cst336/Labs/Lab5/dbConnection.php:17
Stack trace:
#0 /home/ubuntu/workspace/cst336/Labs/Lab5/dbConnection.php(17): PDO->__construct('mysql:host=loca...', 'root', '')
#1 /home/ubuntu/workspace/cst336/Labs/Lab5/index.php(3): getDatabaseConnection()
#2 {main}
  thrown in /home/ubuntu/workspace/cst336/Labs/Lab5/dbConnection.php on line 17
[15-Nov-2018 07:51:03 UTC] PHP Fatal error:  Uncaught exception 'PDOException' with message 'SQLSTATE[HY000] [1049] Unknown database 'ottermart'' in /home/ubuntu/workspace/cst336/Labs/Lab5/dbConnection.php:17
Stack trace:
#0 /home/ubuntu/workspace/cst336/Labs/Lab5/dbConnection.php(17): PDO->__construct('mysql:host=loca...', 'root', '')
#1 /home/ubuntu/workspace/cst336/Labs/Lab5/index.php(3): getDatabaseConnection()
#2 {main}
  thrown in /home/ubuntu/workspace/cst336/Labs/Lab5/dbConnection.php on line 17
[15-Nov-2018 07:53:21 UTC] PHP Fatal error:  Uncaught exception 'PDOException' with message 'SQLSTATE[HY000] [1049] Unknown database 'ottermart'' in /home/ubuntu/workspace/cst336/Labs/Lab5/dbConnection.php:17
Stack trace:
#0 /home/ubuntu/workspace/cst336/Labs/Lab5/dbConnection.php(17): PDO->__construct('mysql:host=loca...', 'root', '')
#1 /home/ubuntu/workspace/cst336/Labs/Lab5/index.php(3): getDatabaseConnection()
#2 {main}
  thrown in /home/ubuntu/workspace/cst336/Labs/Lab5/dbConnection.php on line 17
[15-Nov-2018 07:56:14 UTC] PHP Fatal error:  Uncaught exception 'PDOException' with message 'SQLSTATE[HY000] [1049] Unknown database 'ottermart'' in /home/ubuntu/workspace/cst336/Labs/Lab5/dbConnection.php:17
Stack trace:
#0 /home/ubuntu/workspace/cst336/Labs/Lab5/dbConnection.php(17): PDO->__construct('mysql:host=loca...', 'root', '')
#1 /home/ubuntu/workspace/cst336/Labs/Lab5/index.php(3): getDatabaseConnection()
#2 {main}
  thrown in /home/ubuntu/workspace/cst336/Labs/Lab5/dbConnection.php on line 17
[15-Nov-2018 07:56:17 UTC] PHP Fatal error:  Uncaught exception 'PDOException' with message 'SQLSTATE[HY000] [1049] Unknown database 'ottermart'' in /home/ubuntu/workspace/cst336/Labs/Lab5/dbConnection.php:17
Stack trace:
#0 /home/ubuntu/workspace/cst336/Labs/Lab5/dbConnection.php(17): PDO->__construct('mysql:host=loca...', 'root', '')
#1 /home/ubuntu/workspace/cst336/Labs/Lab5/index.php(3): getDatabaseConnection()
#2 {main}
  thrown in /home/ubuntu/workspace/cst336/Labs/Lab5/dbConnection.php on line 17
[15-Nov-2018 07:59:03 UTC] PHP Fatal error:  Uncaught exception 'PDOException' with message 'SQLSTATE[HY000] [1049] Unknown database 'ottermart'' in /home/ubuntu/workspace/cst336/Labs/Lab5/dbConnection.php:17
Stack trace:
#0 /home/ubuntu/workspace/cst336/Labs/Lab5/dbConnection.php(17): PDO->__construct('mysql:host=loca...', 'root', '')
#1 /home/ubuntu/workspace/cst336/Labs/Lab5/index.php(3): getDatabaseConnection()
#2 {main}
  thrown in /home/ubuntu/workspace/cst336/Labs/Lab5/dbConnection.php on line 17
[15-Nov-2018 07:59:28 UTC] PHP Fatal error:  Uncaught exception 'PDOException' with message 'SQLSTATE[HY000] [1049] Unknown database 'ottermart'' in /home/ubuntu/workspace/cst336/Labs/Lab5/dbConnection.php:17
Stack trace:
#0 /home/ubuntu/workspace/cst336/Labs/Lab5/dbConnection.php(17): PDO->__construct('mysql:host=loca...', 'root', '')
#1 /home/ubuntu/workspace/cst336/Labs/Lab5/index.php(3): getDatabaseConnection()
#2 {main}
  thrown in /home/ubuntu/workspace/cst336/Labs/Lab5/dbConnection.php on line 17
[15-Nov-2018 08:06:58 UTC] PHP Fatal error:  Uncaught exception 'PDOException' with message 'SQLSTATE[HY000] [1049] Unknown database 'ottermart'' in /home/ubuntu/workspace/cst336/Labs/Lab5/dbConnection.php:17
Stack trace:
#0 /home/ubuntu/workspace/cst336/Labs/Lab5/dbConnection.php(17): PDO->__construct('mysql:host=loca...', 'root', '')
#1 /home/ubuntu/workspace/cst336/Labs/Lab5/index.php(3): getDatabaseConnection()
#2 {main}
  thrown in /home/ubuntu/workspace/cst336/Labs/Lab5/dbConnection.php on line 17
